
>>>>>> Carta de Porte Internacional por Carretera <<<
SERVER: Ciudad desconocida en texto: '' de '02_Remitente'
SERVER: Ciudad desconocida en texto: '' de '03_Destinatario'
SERVER: Ciudad desconocida en texto: '' de '04_Consignatario'
SERVER: Ciudad desconocida en texto: '' de '05_Notificado'
SERVER: No existe fecha en texto 'BABAHOYO-ECUADOR'
SERVER: Problemas extrayendo embalaje desde texto: ''
SERVER: EXCEPCION:  Codigo Pais desconocido: 'None'
SERVER: Traceback (most recent call last):
  File "/home/lg/BIO/iaprojects/ecuapassdocs/EcuapassDocs2-dev/ecuapassdocs/info/ecuapass_utils.py", line 389, in getPaisFromCodigoPais
    return paisesCodes [paisCode.upper()]
AttributeError: 'NoneType' object has no attribute 'upper'

SERVER: EXCEPCION:  Obteniendo informacion de 'mercancía'
SERVER: Traceback (most recent call last):
  File "/home/lg/BIO/iaprojects/ecuapassdocs/EcuapassDocs2-dev/ecuapassdocs/info/ecuapass_info.py", line 200, in getIncotermInfo
    ciudad, pais   = Extractor.getCiudadPais (text, self.resourcesPath)
  File "/home/lg/BIO/iaprojects/ecuapassdocs/EcuapassDocs2-dev/ecuapassdocs/info/ecuapass_extractor.py", line 323, in getCiudadPais
    ciudad = Extractor.getCiudad (text, pais, resourcesPath)
  File "/home/lg/BIO/iaprojects/ecuapassdocs/EcuapassDocs2-dev/ecuapassdocs/info/ecuapass_extractor.py", line 317, in getCiudad
    ciudad   = results [-1] if results [-1] else None
IndexError: list index out of range

