ALERTA: No se pudo determinar código del pais desde el número: 'None'
ALERTA: No se pudo determinar código del pais desde el número: 'None'
ALERTA: No se pudo determinar código del pais desde el número: 'None'
ALERTA: No se pudo determinar código del pais desde el número: 'None'
ALERTA: No se pudo determinar código del pais desde el número: 'None'
SERVER: EXCEPCION:  No se pudo determinar tipo de procedimiento (Importación/Exportación)
SERVER: Traceback (most recent call last):
  File "/home/lg/BIO/iaprojects/ecuapassdocs/EcuapassDocs2-dev/ecuapassdocs/info/ecuapass_info.py", line 129, in getTipoProcedimiento
    tipoProcedimiento = procedimientos [codigoPais]
KeyError: ''

ALERTA: No se pudo determinar código del pais desde el número: 'None'
ALERTA: No se pudo determinar código del pais desde el número: 'None'
SERVER: Ciudad desconocida en texto: '' de '02_Remitente'
SERVER: Ciudad desconocida en texto: '' de '03_Destinatario'
SERVER: Ciudad desconocida en texto: '' de '04_Consignatario'
SERVER: Ciudad desconocida en texto: '' de '05_Notificado'
SERVER: No existe fecha en texto ''
SERVER: Ciudad desconocida en texto: '' de '06_Recepcion'
SERVER: No existe fecha en texto ''
SERVER: Ciudad desconocida en texto: '' de '07_Embarque'
SERVER: No existe fecha en texto ''
SERVER: Ciudad desconocida en texto: '' de '08_Entrega'
SERVER: EXCEPCION:  Obteniendo información de 'entrega'
SERVER: Traceback (most recent call last):
  File "/home/lg/BIO/iaprojects/ecuapassdocs/EcuapassDocs2-dev/ecuapassdocs/info/ecuapass_info_cartaporte.py", line 243, in getEntregaLocation
    date_obj           = datetime.strptime (fechaEmbarque, "%d-%m-%Y")
  File "/usr/lib/python3.10/_strptime.py", line 568, in _strptime_datetime
    tt, fraction, gmtoff_fraction = _strptime(data_string, format)
  File "/usr/lib/python3.10/_strptime.py", line 349, in _strptime
    raise ValueError("time data %r does not match format %r" %
ValueError: time data '||LOW' does not match format '%d-%m-%Y'

SERVER: Problemas extrayendo embalaje desde texto: ''
SERVER: No existe fecha en texto ''
SERVER: Ciudad desconocida en texto: '' de '19_Emision'
